<?xml version="1.0" encoding="UTF-8"?>
<testsuite name="TestQald7WikidataTrain" time="11.895" tests="1" errors="1" skipped="0" failures="0">
  <properties>
[...]
</properties>
  <testcase name="parse" classname="TestQald7WikidataTrain" time="11.895">
    <error type="java.lang.NullPointerException:">java.lang.NullPointerException: null
	at com.mycompany.sntl.SNTL$1.visit(SNTL.java:82)
	at org.apache.jena.sparql.syntax.ElementWalker$Walker.visit(ElementWalker.java:212)
	at org.apache.jena.sparql.syntax.ElementPathBlock.visit(ElementPathBlock.java:89)
	at org.apache.jena.sparql.syntax.ElementWalker$Walker.visit(ElementWalker.java:127)
	at org.apache.jena.sparql.syntax.ElementGroup.visit(ElementGroup.java:120)
	at org.apache.jena.sparql.syntax.ElementWalker.walk(ElementWalker.java:39)
	at org.apache.jena.sparql.syntax.ElementWalker.walk(ElementWalker.java:33)
	at com.mycompany.sntl.SNTL.sntl(SNTL.java:65)
	at TestQald7WikidataTrain.parse(TestQald7WikidataTrain.java:62)
</error>
    <system-out><![CDATA[Question:Who was the doctoral supervisor of Albert Einstein?
SELECT DISTINCT ?uri WHERE { <http://www.wikidata.org/entity/Q937> <http://www.wikidata.org/prop/direct/P184> ?uri}
Albert Einstein/doctoral advisor
Question:Did KaurismÃ¤ki ever win the Grand Prix at Cannes?
ASK WHERE { <http://www.wikidata.org/entity/Q276186> <http://www.wikidata.org/prop/direct/P166>  <http://www.wikidata.org/entity/Q844804> . }
Aki Kaurismäki/award received
Question:Who wrote the song Hotel California?
SELECT DISTINCT ?uri WHERE { <http://www.wikidata.org/entity/Q780394> <http://www.wikidata.org/prop/direct/P86> ?uri}
Hotel California/composer
Question:Who was on the Apollo 11 mission?
SELECT DISTINCT ?uri WHERE { <http://www.wikidata.org/entity/Q43653> <http://www.wikidata.org/prop/direct/P1029> ?uri}
Apollo 11/crew member
Question:Which electronics companies were founded in Beijing?
SELECT DISTINCT ?company WHERE { ?company  <http://www.wikidata.org/prop/direct/P452> <http://www.wikidata.org/entity/Q581105> ;  <http://www.wikidata.org/prop/direct/P740> <http://www.wikidata.org/entity/Q956> . } 
null/location of formation
Question:What is in a chocolate chip cookie?
SELECT DISTINCT ?uri WHERE { <http://www.wikidata.org/entity/Q14169302> <http://www.wikidata.org/prop/direct/P527> ?uri}
chocolate chip cookie/has part
Question:Was the wife of president Lincoln called Mary?
ASK WHERE { <http://www.wikidata.org/entity/Q14169302> <http://www.wikidata.org/prop/direct/P26> ?spouse .  ?spouse <http://www.w3.org/2000/01/rdf-schema#label> ?name .  FILTER(regex(?name,'Mary')) }
null/null
Question:How many movies did Park Chan-wook direct?
SELECT (COUNT(DISTINCT ?uri) as ?count) WHERE {  ?uri <http://www.wikidata.org/prop/direct/P57> <http://www.wikidata.org/entity/Q315484> . }
null/director
Question:In which U.S. state is Mount McKinley located?
SELECT DISTINCT ?uri WHERE { <http://www.wikidata.org/entity/Q130018> <http://www.wikidata.org/prop/direct/P131> ?uri}
Denali/located in the administrative territorial entity
Question:Which Indian company has the most employees?
SELECT DISTINCT ?uri WHERE { ?uri <http://www.wikidata.org/prop/direct/P31> <http://www.wikidata.org/entity/Q4830453>  . ?uri <http://www.wikidata.org/prop/direct/P17> <http://www.wikidata.org/entity/Q668> . ?uri <http://www.wikidata.org/prop/direct/P1128> ?employees . } ORDER BY DESC(?employees) LIMIT 1
null/employees
Question:In which school did Obama's wife study?
SELECT DISTINCT ?uri WHERE { <http://www.wikidata.org/entity/Q76> <http://www.wikidata.org/prop/direct/P26>/<http://www.wikidata.org/prop/direct/P69> ?uri}
]]></system-out>
    <system-err>log4j:WARN No appenders could be found for logger (org.apache.jena.riot.system.stream.JenaIOEnvironment).
log4j:WARN Please initialize the log4j system properly.
log4j:WARN See http://logging.apache.org/log4j/1.2/faq.html#noconfig for more info.
</system-err>
  </testcase>
</testsuite>